0 info it worked if it ends with ok
1 verbose cli [ '/usr/local/bin/node',
1 verbose cli   '/usr/local/bin/npm',
1 verbose cli   'install',
1 verbose cli   'libnmap' ]
2 info using npm@1.4.28
3 info using node@v0.10.32
4 verbose readDependencies using package.json deps
5 verbose cache add [ 'libnmap', null ]
6 verbose cache add name=undefined spec="libnmap" args=["libnmap",null]
7 verbose parsed url { protocol: null,
7 verbose parsed url   slashes: null,
7 verbose parsed url   auth: null,
7 verbose parsed url   host: null,
7 verbose parsed url   port: null,
7 verbose parsed url   hostname: null,
7 verbose parsed url   hash: null,
7 verbose parsed url   search: null,
7 verbose parsed url   query: null,
7 verbose parsed url   pathname: 'libnmap',
7 verbose parsed url   path: 'libnmap',
7 verbose parsed url   href: 'libnmap' }
8 silly lockFile 5d47f3c2-libnmap libnmap
9 verbose lock libnmap /Users/marco/.npm/5d47f3c2-libnmap.lock
10 silly lockFile 5d47f3c2-libnmap libnmap
11 silly lockFile 5d47f3c2-libnmap libnmap
12 verbose addNamed [ 'libnmap', '' ]
13 verbose addNamed [ null, '*' ]
14 silly lockFile cb652963-libnmap libnmap@
15 verbose lock libnmap@ /Users/marco/.npm/cb652963-libnmap.lock
16 silly addNameRange { name: 'libnmap', range: '*', hasData: false }
17 verbose request where is /libnmap
18 verbose request registry https://registry.npmjs.org/
19 verbose request id 54b9f0ad792f6aa6
20 verbose url raw /libnmap
21 verbose url resolving [ 'https://registry.npmjs.org/', './libnmap' ]
22 verbose url resolved https://registry.npmjs.org/libnmap
23 verbose request where is https://registry.npmjs.org/libnmap
24 info trying registry request attempt 1 at 08:49:07
25 http GET https://registry.npmjs.org/libnmap
26 http 404 https://registry.npmjs.org/libnmap
27 verbose headers { date: 'Thu, 09 Oct 2014 06:49:08 GMT',
27 verbose headers   server: 'CouchDB/1.5.0 (Erlang OTP/R16B03)',
27 verbose headers   'content-type': 'application/json',
27 verbose headers   'cache-control': 'max-age=0',
27 verbose headers   'content-length': '52',
27 verbose headers   'accept-ranges': 'bytes',
27 verbose headers   via: '1.1 varnish',
27 verbose headers   age: '0',
27 verbose headers   'x-served-by': 'cache-fra1223-FRA',
27 verbose headers   'x-cache': 'MISS',
27 verbose headers   'x-cache-hits': '0',
27 verbose headers   'x-timer': 'S1412837347.594776,VS0,VE422',
27 verbose headers   'keep-alive': 'timeout=10, max=50',
27 verbose headers   connection: 'Keep-Alive' }
28 silly registry.get cb [ 404,
28 silly registry.get   { date: 'Thu, 09 Oct 2014 06:49:08 GMT',
28 silly registry.get     server: 'CouchDB/1.5.0 (Erlang OTP/R16B03)',
28 silly registry.get     'content-type': 'application/json',
28 silly registry.get     'cache-control': 'max-age=0',
28 silly registry.get     'content-length': '52',
28 silly registry.get     'accept-ranges': 'bytes',
28 silly registry.get     via: '1.1 varnish',
28 silly registry.get     age: '0',
28 silly registry.get     'x-served-by': 'cache-fra1223-FRA',
28 silly registry.get     'x-cache': 'MISS',
28 silly registry.get     'x-cache-hits': '0',
28 silly registry.get     'x-timer': 'S1412837347.594776,VS0,VE422',
28 silly registry.get     'keep-alive': 'timeout=10, max=50',
28 silly registry.get     connection: 'Keep-Alive' } ]
29 silly lockFile cb652963-libnmap libnmap@
30 silly lockFile cb652963-libnmap libnmap@
31 error 404 404 Not Found: libnmap
31 error 404
31 error 404 'libnmap' is not in the npm registry.
31 error 404 You should bug the author to publish it
31 error 404 It was specified as a dependency of 'arest'
31 error 404
31 error 404 Note that you can also install from a
31 error 404 tarball, folder, or http url, or git url.
32 error System Darwin 13.4.0
33 error command "/usr/local/bin/node" "/usr/local/bin/npm" "install" "libnmap"
34 error cwd /Users/marco/Google Drive/Open Home Automation/Projects/aREST/node-aREST/examples/dashboard
35 error node -v v0.10.32
36 error npm -v 1.4.28
37 error code E404
38 verbose exit [ 1, true ]
